  miniiti project - Bank system by MOSA team.cpp
C:\Users\power\source\repos\miniiti project - Bank system by MOSA team\miniiti project - Bank system by MOSA team\miniiti project - Bank system by MOSA team.cpp(166,33): warning C4081: expected 'newline'; found '.'
C:\Users\power\source\repos\miniiti project - Bank system by MOSA team\miniiti project - Bank system by MOSA team\miniiti project - Bank system by MOSA team.cpp(161,10): warning C4101: 'amount': unreferenced local variable
C:\Users\power\source\repos\miniiti project - Bank system by MOSA team\miniiti project - Bank system by MOSA team\miniiti project - Bank system by MOSA team.cpp(243,33): warning C4081: expected 'newline'; found '.'
C:\Users\power\source\repos\miniiti project - Bank system by MOSA team\miniiti project - Bank system by MOSA team\miniiti project - Bank system by MOSA team.cpp(238,10): warning C4101: 'amount': unreferenced local variable
C:\Users\power\source\repos\miniiti project - Bank system by MOSA team\miniiti project - Bank system by MOSA team\miniiti project - Bank system by MOSA team.cpp(364,33): warning C4081: expected 'newline'; found '.'
C:\Users\power\source\repos\miniiti project - Bank system by MOSA team\miniiti project - Bank system by MOSA team\miniiti project - Bank system by MOSA team.cpp(359,10): warning C4101: 'amount': unreferenced local variable
C:\Users\power\source\repos\miniiti project - Bank system by MOSA team\miniiti project - Bank system by MOSA team\miniiti project - Bank system by MOSA team.cpp(395,20): warning C4018: '<': signed/unsigned mismatch
C:\Users\power\source\repos\miniiti project - Bank system by MOSA team\miniiti project - Bank system by MOSA team\miniiti project - Bank system by MOSA team.cpp(400,20): warning C4018: '<': signed/unsigned mismatch
C:\Users\power\source\repos\miniiti project - Bank system by MOSA team\miniiti project - Bank system by MOSA team\miniiti project - Bank system by MOSA team.cpp(406,20): warning C4018: '<': signed/unsigned mismatch
C:\Users\power\source\repos\miniiti project - Bank system by MOSA team\miniiti project - Bank system by MOSA team\miniiti project - Bank system by MOSA team.cpp(483,22): warning C4018: '<': signed/unsigned mismatch
C:\Users\power\source\repos\miniiti project - Bank system by MOSA team\miniiti project - Bank system by MOSA team\miniiti project - Bank system by MOSA team.cpp(489,22): warning C4018: '<': signed/unsigned mismatch
C:\Users\power\source\repos\miniiti project - Bank system by MOSA team\miniiti project - Bank system by MOSA team\miniiti project - Bank system by MOSA team.cpp(494,22): warning C4018: '<': signed/unsigned mismatch
C:\Users\power\source\repos\miniiti project - Bank system by MOSA team\miniiti project - Bank system by MOSA team\miniiti project - Bank system by MOSA team.cpp(499,22): warning C4018: '<': signed/unsigned mismatch
C:\Users\power\source\repos\miniiti project - Bank system by MOSA team\miniiti project - Bank system by MOSA team\miniiti project - Bank system by MOSA team.cpp(504,22): warning C4018: '<': signed/unsigned mismatch
C:\Users\power\source\repos\miniiti project - Bank system by MOSA team\miniiti project - Bank system by MOSA team\miniiti project - Bank system by MOSA team.cpp(510,22): warning C4018: '<': signed/unsigned mismatch
C:\Users\power\source\repos\miniiti project - Bank system by MOSA team\miniiti project - Bank system by MOSA team\miniiti project - Bank system by MOSA team.cpp(515,22): warning C4018: '<': signed/unsigned mismatch
C:\Users\power\source\repos\miniiti project - Bank system by MOSA team\miniiti project - Bank system by MOSA team\miniiti project - Bank system by MOSA team.cpp(521,22): warning C4018: '<': signed/unsigned mismatch
C:\Users\power\source\repos\miniiti project - Bank system by MOSA team\miniiti project - Bank system by MOSA team\miniiti project - Bank system by MOSA team.cpp(629,25): warning C4129: '.': unrecognized character escape sequence
C:\Users\power\source\repos\miniiti project - Bank system by MOSA team\miniiti project - Bank system by MOSA team\miniiti project - Bank system by MOSA team.cpp(661,22): warning C4018: '<': signed/unsigned mismatch
C:\Users\power\source\repos\miniiti project - Bank system by MOSA team\miniiti project - Bank system by MOSA team\miniiti project - Bank system by MOSA team.cpp(675,21): warning C4018: '<': signed/unsigned mismatch
C:\Users\power\source\repos\miniiti project - Bank system by MOSA team\miniiti project - Bank system by MOSA team\miniiti project - Bank system by MOSA team.cpp(790,20): warning C4018: '<': signed/unsigned mismatch
C:\Users\power\source\repos\miniiti project - Bank system by MOSA team\miniiti project - Bank system by MOSA team\miniiti project - Bank system by MOSA team.cpp(795,20): warning C4018: '<': signed/unsigned mismatch
C:\Users\power\source\repos\miniiti project - Bank system by MOSA team\miniiti project - Bank system by MOSA team\miniiti project - Bank system by MOSA team.cpp(801,20): warning C4018: '<': signed/unsigned mismatch
C:\Users\power\source\repos\miniiti project - Bank system by MOSA team\miniiti project - Bank system by MOSA team\miniiti project - Bank system by MOSA team.cpp(855,33): warning C4081: expected 'newline'; found '.'
C:\Users\power\source\repos\miniiti project - Bank system by MOSA team\miniiti project - Bank system by MOSA team\miniiti project - Bank system by MOSA team.cpp(879,21): warning C4018: '<': signed/unsigned mismatch
C:\Users\power\source\repos\miniiti project - Bank system by MOSA team\miniiti project - Bank system by MOSA team\miniiti project - Bank system by MOSA team.cpp(884,21): warning C4018: '<': signed/unsigned mismatch
C:\Users\power\source\repos\miniiti project - Bank system by MOSA team\miniiti project - Bank system by MOSA team\miniiti project - Bank system by MOSA team.cpp(890,21): warning C4018: '<': signed/unsigned mismatch
C:\Users\power\source\repos\miniiti project - Bank system by MOSA team\miniiti project - Bank system by MOSA team\miniiti project - Bank system by MOSA team.cpp(850,10): warning C4101: 'amount': unreferenced local variable
C:\Users\power\source\repos\miniiti project - Bank system by MOSA team\miniiti project - Bank system by MOSA team\miniiti project - Bank system by MOSA team.cpp(912,20): warning C4018: '<': signed/unsigned mismatch
C:\Users\power\source\repos\miniiti project - Bank system by MOSA team\miniiti project - Bank system by MOSA team\miniiti project - Bank system by MOSA team.cpp(917,20): warning C4018: '<': signed/unsigned mismatch
C:\Users\power\source\repos\miniiti project - Bank system by MOSA team\miniiti project - Bank system by MOSA team\miniiti project - Bank system by MOSA team.cpp(923,20): warning C4018: '<': signed/unsigned mismatch
C:\Users\power\source\repos\miniiti project - Bank system by MOSA team\miniiti project - Bank system by MOSA team\miniiti project - Bank system by MOSA team.cpp(987,33): warning C4081: expected 'newline'; found '.'
C:\Users\power\source\repos\miniiti project - Bank system by MOSA team\miniiti project - Bank system by MOSA team\miniiti project - Bank system by MOSA team.cpp(1009,21): warning C4018: '<': signed/unsigned mismatch
C:\Users\power\source\repos\miniiti project - Bank system by MOSA team\miniiti project - Bank system by MOSA team\miniiti project - Bank system by MOSA team.cpp(1014,21): warning C4018: '<': signed/unsigned mismatch
C:\Users\power\source\repos\miniiti project - Bank system by MOSA team\miniiti project - Bank system by MOSA team\miniiti project - Bank system by MOSA team.cpp(1020,21): warning C4018: '<': signed/unsigned mismatch
C:\Users\power\source\repos\miniiti project - Bank system by MOSA team\miniiti project - Bank system by MOSA team\miniiti project - Bank system by MOSA team.cpp(982,10): warning C4101: 'amount': unreferenced local variable
C:\Users\power\source\repos\miniiti project - Bank system by MOSA team\miniiti project - Bank system by MOSA team\miniiti project - Bank system by MOSA team.cpp(1041,20): warning C4018: '<': signed/unsigned mismatch
C:\Users\power\source\repos\miniiti project - Bank system by MOSA team\miniiti project - Bank system by MOSA team\miniiti project - Bank system by MOSA team.cpp(1046,20): warning C4018: '<': signed/unsigned mismatch
C:\Users\power\source\repos\miniiti project - Bank system by MOSA team\miniiti project - Bank system by MOSA team\miniiti project - Bank system by MOSA team.cpp(1052,20): warning C4018: '<': signed/unsigned mismatch
C:\Users\power\source\repos\miniiti project - Bank system by MOSA team\miniiti project - Bank system by MOSA team\miniiti project - Bank system by MOSA team.cpp(1154,33): warning C4081: expected 'newline'; found '.'
C:\Users\power\source\repos\miniiti project - Bank system by MOSA team\miniiti project - Bank system by MOSA team\miniiti project - Bank system by MOSA team.cpp(1175,21): warning C4018: '<': signed/unsigned mismatch
C:\Users\power\source\repos\miniiti project - Bank system by MOSA team\miniiti project - Bank system by MOSA team\miniiti project - Bank system by MOSA team.cpp(1180,21): warning C4018: '<': signed/unsigned mismatch
C:\Users\power\source\repos\miniiti project - Bank system by MOSA team\miniiti project - Bank system by MOSA team\miniiti project - Bank system by MOSA team.cpp(1186,21): warning C4018: '<': signed/unsigned mismatch
C:\Users\power\source\repos\miniiti project - Bank system by MOSA team\miniiti project - Bank system by MOSA team\miniiti project - Bank system by MOSA team.cpp(1149,10): warning C4101: 'amount': unreferenced local variable
C:\Users\power\source\repos\miniiti project - Bank system by MOSA team\miniiti project - Bank system by MOSA team\miniiti project - Bank system by MOSA team.cpp(1207,20): warning C4018: '<': signed/unsigned mismatch
C:\Users\power\source\repos\miniiti project - Bank system by MOSA team\miniiti project - Bank system by MOSA team\miniiti project - Bank system by MOSA team.cpp(1212,20): warning C4018: '<': signed/unsigned mismatch
C:\Users\power\source\repos\miniiti project - Bank system by MOSA team\miniiti project - Bank system by MOSA team\miniiti project - Bank system by MOSA team.cpp(1218,20): warning C4018: '<': signed/unsigned mismatch
C:\Users\power\source\repos\miniiti project - Bank system by MOSA team\miniiti project - Bank system by MOSA team\miniiti project - Bank system by MOSA team.cpp(1280,21): warning C4018: '<': signed/unsigned mismatch
C:\Users\power\source\repos\miniiti project - Bank system by MOSA team\miniiti project - Bank system by MOSA team\miniiti project - Bank system by MOSA team.cpp(1285,21): warning C4018: '<': signed/unsigned mismatch
C:\Users\power\source\repos\miniiti project - Bank system by MOSA team\miniiti project - Bank system by MOSA team\miniiti project - Bank system by MOSA team.cpp(1291,21): warning C4018: '<': signed/unsigned mismatch
C:\Users\power\source\repos\miniiti project - Bank system by MOSA team\miniiti project - Bank system by MOSA team\miniiti project - Bank system by MOSA team.cpp(1312,20): warning C4018: '<': signed/unsigned mismatch
C:\Users\power\source\repos\miniiti project - Bank system by MOSA team\miniiti project - Bank system by MOSA team\miniiti project - Bank system by MOSA team.cpp(1317,20): warning C4018: '<': signed/unsigned mismatch
C:\Users\power\source\repos\miniiti project - Bank system by MOSA team\miniiti project - Bank system by MOSA team\miniiti project - Bank system by MOSA team.cpp(1323,20): warning C4018: '<': signed/unsigned mismatch
C:\Users\power\source\repos\miniiti project - Bank system by MOSA team\miniiti project - Bank system by MOSA team\miniiti project - Bank system by MOSA team.cpp(1375,21): warning C4018: '<': signed/unsigned mismatch
C:\Users\power\source\repos\miniiti project - Bank system by MOSA team\miniiti project - Bank system by MOSA team\miniiti project - Bank system by MOSA team.cpp(1380,21): warning C4018: '<': signed/unsigned mismatch
C:\Users\power\source\repos\miniiti project - Bank system by MOSA team\miniiti project - Bank system by MOSA team\miniiti project - Bank system by MOSA team.cpp(1386,21): warning C4018: '<': signed/unsigned mismatch
C:\Users\power\source\repos\miniiti project - Bank system by MOSA team\miniiti project - Bank system by MOSA team\miniiti project - Bank system by MOSA team.cpp(1407,20): warning C4018: '<': signed/unsigned mismatch
C:\Users\power\source\repos\miniiti project - Bank system by MOSA team\miniiti project - Bank system by MOSA team\miniiti project - Bank system by MOSA team.cpp(1412,20): warning C4018: '<': signed/unsigned mismatch
C:\Users\power\source\repos\miniiti project - Bank system by MOSA team\miniiti project - Bank system by MOSA team\miniiti project - Bank system by MOSA team.cpp(1418,20): warning C4018: '<': signed/unsigned mismatch
C:\Users\power\source\repos\miniiti project - Bank system by MOSA team\miniiti project - Bank system by MOSA team\miniiti project - Bank system by MOSA team.cpp(1431,21): warning C4018: '<': signed/unsigned mismatch
C:\Users\power\source\repos\miniiti project - Bank system by MOSA team\miniiti project - Bank system by MOSA team\miniiti project - Bank system by MOSA team.cpp(1480,21): warning C4018: '<': signed/unsigned mismatch
C:\Users\power\source\repos\miniiti project - Bank system by MOSA team\miniiti project - Bank system by MOSA team\miniiti project - Bank system by MOSA team.cpp(1485,21): warning C4018: '<': signed/unsigned mismatch
C:\Users\power\source\repos\miniiti project - Bank system by MOSA team\miniiti project - Bank system by MOSA team\miniiti project - Bank system by MOSA team.cpp(1491,21): warning C4018: '<': signed/unsigned mismatch
C:\Users\power\source\repos\miniiti project - Bank system by MOSA team\miniiti project - Bank system by MOSA team\miniiti project - Bank system by MOSA team.cpp(1519,22): warning C4018: '<': signed/unsigned mismatch
C:\Users\power\source\repos\miniiti project - Bank system by MOSA team\miniiti project - Bank system by MOSA team\miniiti project - Bank system by MOSA team.cpp(1525,22): warning C4018: '<': signed/unsigned mismatch
C:\Users\power\source\repos\miniiti project - Bank system by MOSA team\miniiti project - Bank system by MOSA team\miniiti project - Bank system by MOSA team.cpp(1530,22): warning C4018: '<': signed/unsigned mismatch
C:\Users\power\source\repos\miniiti project - Bank system by MOSA team\miniiti project - Bank system by MOSA team\miniiti project - Bank system by MOSA team.cpp(1535,22): warning C4018: '<': signed/unsigned mismatch
C:\Users\power\source\repos\miniiti project - Bank system by MOSA team\miniiti project - Bank system by MOSA team\miniiti project - Bank system by MOSA team.cpp(1540,22): warning C4018: '<': signed/unsigned mismatch
C:\Users\power\source\repos\miniiti project - Bank system by MOSA team\miniiti project - Bank system by MOSA team\miniiti project - Bank system by MOSA team.cpp(1546,22): warning C4018: '<': signed/unsigned mismatch
C:\Users\power\source\repos\miniiti project - Bank system by MOSA team\miniiti project - Bank system by MOSA team\miniiti project - Bank system by MOSA team.cpp(1551,22): warning C4018: '<': signed/unsigned mismatch
C:\Users\power\source\repos\miniiti project - Bank system by MOSA team\miniiti project - Bank system by MOSA team\miniiti project - Bank system by MOSA team.cpp(1557,22): warning C4018: '<': signed/unsigned mismatch
C:\Users\power\source\repos\miniiti project - Bank system by MOSA team\miniiti project - Bank system by MOSA team\miniiti project - Bank system by MOSA team.cpp(1616,21): warning C4018: '<': signed/unsigned mismatch
C:\Users\power\source\repos\miniiti project - Bank system by MOSA team\miniiti project - Bank system by MOSA team\miniiti project - Bank system by MOSA team.cpp(1621,21): warning C4018: '<': signed/unsigned mismatch
C:\Users\power\source\repos\miniiti project - Bank system by MOSA team\miniiti project - Bank system by MOSA team\miniiti project - Bank system by MOSA team.cpp(1627,21): warning C4018: '<': signed/unsigned mismatch
C:\Users\power\source\repos\miniiti project - Bank system by MOSA team\miniiti project - Bank system by MOSA team\miniiti project - Bank system by MOSA team.cpp(1696,21): warning C4018: '<': signed/unsigned mismatch
C:\Users\power\source\repos\miniiti project - Bank system by MOSA team\miniiti project - Bank system by MOSA team\miniiti project - Bank system by MOSA team.cpp(1701,21): warning C4018: '<': signed/unsigned mismatch
C:\Users\power\source\repos\miniiti project - Bank system by MOSA team\miniiti project - Bank system by MOSA team\miniiti project - Bank system by MOSA team.cpp(1707,21): warning C4018: '<': signed/unsigned mismatch
C:\Users\power\source\repos\miniiti project - Bank system by MOSA team\miniiti project - Bank system by MOSA team\miniiti project - Bank system by MOSA team.cpp(1783,21): warning C4018: '<': signed/unsigned mismatch
C:\Users\power\source\repos\miniiti project - Bank system by MOSA team\miniiti project - Bank system by MOSA team\miniiti project - Bank system by MOSA team.cpp(1789,21): warning C4018: '<': signed/unsigned mismatch
C:\Users\power\source\repos\miniiti project - Bank system by MOSA team\miniiti project - Bank system by MOSA team\miniiti project - Bank system by MOSA team.cpp(1794,21): warning C4018: '<': signed/unsigned mismatch
C:\Users\power\source\repos\miniiti project - Bank system by MOSA team\miniiti project - Bank system by MOSA team\miniiti project - Bank system by MOSA team.cpp(1799,21): warning C4018: '<': signed/unsigned mismatch
C:\Users\power\source\repos\miniiti project - Bank system by MOSA team\miniiti project - Bank system by MOSA team\miniiti project - Bank system by MOSA team.cpp(1804,21): warning C4018: '<': signed/unsigned mismatch
C:\Users\power\source\repos\miniiti project - Bank system by MOSA team\miniiti project - Bank system by MOSA team\miniiti project - Bank system by MOSA team.cpp(1810,21): warning C4018: '<': signed/unsigned mismatch
C:\Users\power\source\repos\miniiti project - Bank system by MOSA team\miniiti project - Bank system by MOSA team\miniiti project - Bank system by MOSA team.cpp(1815,21): warning C4018: '<': signed/unsigned mismatch
C:\Users\power\source\repos\miniiti project - Bank system by MOSA team\miniiti project - Bank system by MOSA team\miniiti project - Bank system by MOSA team.cpp(1821,21): warning C4018: '<': signed/unsigned mismatch
C:\Users\power\source\repos\miniiti project - Bank system by MOSA team\miniiti project - Bank system by MOSA team\miniiti project - Bank system by MOSA team.cpp(1900,25): warning C4129: '.': unrecognized character escape sequence
C:\Users\power\source\repos\miniiti project - Bank system by MOSA team\miniiti project - Bank system by MOSA team\miniiti project - Bank system by MOSA team.cpp(1914,21): warning C4018: '<': signed/unsigned mismatch
C:\Users\power\source\repos\miniiti project - Bank system by MOSA team\miniiti project - Bank system by MOSA team\miniiti project - Bank system by MOSA team.cpp(2042,21): warning C4018: '<': signed/unsigned mismatch
C:\Users\power\source\repos\miniiti project - Bank system by MOSA team\miniiti project - Bank system by MOSA team\miniiti project - Bank system by MOSA team.cpp(2311,21): warning C4018: '<': signed/unsigned mismatch
C:\Users\power\source\repos\miniiti project - Bank system by MOSA team\miniiti project - Bank system by MOSA team\miniiti project - Bank system by MOSA team.cpp(2379,21): warning C4018: '<': signed/unsigned mismatch
  miniiti project - Bank system by MOSA team.vcxproj -> C:\Users\power\source\repos\miniiti project - Bank system by MOSA team\Debug\miniiti project - Bank system by MOSA team.exe
